<?xml version="1.0" encoding="UTF-8"?>
<!-- Generated by org.testng.reporters.JUnitXMLReporter -->
<testsuite ignored="2" hostname="LAPTOP-NA4F5363" failures="2" tests="11" name="Test" time="0.647" errors="0" timestamp="2024-01-04T11:32:24 IST">
  <testcase classname="automationtesting.DemoTst" name="test7" time="0.006"/>
  <testcase classname="automationtesting.DemoTst" name="test9" time="0.001"/>
  <testcase classname="automationtesting.ReportDemo" name="test1" time="0.011"/>
  <testcase classname="automationtesting.ReportDemo" name="test2" time="0.01">
    <failure type="java.lang.AssertionError" message="expected [true] but found [false]">
      <![CDATA[java.lang.AssertionError: expected [true] but found [false]
at automationtesting.ReportDemo.test2(ReportDemo.java:44)
at java.base/java.util.ArrayList.forEach(ArrayList.java:1511)
... Removed 31 stack frames]]>
    </failure>
  </testcase> <!-- test2 -->
  <testcase classname="automationtesting.ReportDemo" name="test3" time="0.006">
    <skipped/>
  </testcase> <!-- test3 -->
  <testcase classname="automationtesting.ListnrTestCase" name="tests1" time="0.005"/>
  <testcase classname="automationtesting.ListnrTestCase" name="tests2" time="0.004">
    <failure type="java.lang.AssertionError" message="expected [true] but found [false]">
      <![CDATA[java.lang.AssertionError: expected [true] but found [false]
at automationtesting.ListnrTestCase.tests2(ListnrTestCase.java:45)
at java.base/java.util.ArrayList.forEach(ArrayList.java:1511)
... Removed 31 stack frames]]>
    </failure>
  </testcase> <!-- tests2 -->
  <testcase classname="automationtesting.ListnrTestCase" name="tests3" time="0.002">
    <skipped/>
  </testcase> <!-- tests3 -->
  <testcase classname="automationtesting.TestngAnnotationDemo" name="test" time="0.003"/>
  <testcase classname="automationtesting.TestngAnnotationDemo" name="testt" time="0.002"/>
  <testcase classname="automationtesting.TestngAnnotationDemo" name="test1" time="0.001"/>
  <testcase classname="automationtesting.TestngAnnotationDemo" name="test21" time="0.0">
    <ignored/>
  </testcase> <!-- test21 -->
  <testcase classname="automationtesting.DemoTst" name="test8" time="0.0">
    <ignored/>
  </testcase> <!-- test8 -->
</testsuite> <!-- Test -->
